Making tarballs...
Creating and cleaning /home/makoto/tmp
Processing bootscripts...
process-scripts.sh: line 12: [: too many arguments
process-scripts.sh: line 13: [: too many arguments
process-scripts.sh: line 19: appendices/${script}.script: ambiguous redirect
process-scripts.sh: line 12: [: too many arguments
process-scripts.sh: line 13: [: too many arguments
process-scripts.sh: line 19: appendices/${script}.script: ambiguous redirect
Validating the book...
chapter03/packages.xml:460: parser error : Entity 'pkg-config-version' not defined
      <term>Pkg-config (&pkg-config-version;) - <token>&pkg-config-size;</token>
                                            ^
chapter03/packages.xml:460: parser error : Entity 'pkg-config-size' not defined
      <term>Pkg-config (&pkg-config-version;) - <token>&pkg-config-size;</token>
                                                                        ^
chapter03/packages.xml:462: parser error : Entity 'pkg-config-home' not defined
        <para>Home page: <ulink url="&pkg-config-home;"/></para>
                                                      ^
chapter03/packages.xml:463: parser error : Entity 'pkg-config-url' not defined
        <para>Download: <ulink url="&pkg-config-url;"/></para>
                                                    ^
chapter03/packages.xml:464: parser error : Entity 'pkg-config-md5' not defined
        <para>MD5 sum: <literal>&pkg-config-md5;</literal></para>
                                                ^
chapter03/patches.xml:53: parser error : Entity 'dejagnu-consolidated-patch-size' not defined
     <term>Dejagnu Consolidated Patch - <token>&dejagnu-consolidated-patch-size;
                                                                               ^
chapter03/patches.xml:55: parser error : Entity 'dejagnu-consolidated-patch' not defined
        <para>Download: <ulink url="&patches-root;&dejagnu-consolidated-patch;"/
                                                                              ^
chapter03/patches.xml:56: parser error : Entity 'dejagnu-consolidated-patch-md5' not defined
        <para>MD5 sum: <literal>&dejagnu-consolidated-patch-md5;</literal></para
                                                                ^
chapter05/dejagnu.xml:53: parser error : Entity 'dejagnu-consolidated-patch' not defined
<screen><userinput remap="pre">patch -Np1 -i ../&dejagnu-consolidated-patch;</us
                                                                            ^
chapter06/pkg-config.xml:14: parser error : Entity 'pkg-config-version' not defined
    <productnumber>&pkg-config-version;</productnumber>
                                       ^
chapter06/pkg-config.xml:15: parser error : Entity 'pkg-config-url' not defined
    <address>&pkg-config-url;</address>
                             ^
chapter06/pkg-config.xml:18: parser error : Entity 'pkg-config-version' not defined
  <title>Pkg-config-&pkg-config-version;</title>
                                        ^
chapter06/pkg-config.xml:37: parser error : Entity 'pkg-config-ch6-sbu' not defined
        <seg>&pkg-config-ch6-sbu;</seg>
                                 ^
chapter06/pkg-config.xml:38: parser error : Entity 'pkg-config-ch6-du' not defined
        <seg>&pkg-config-ch6-du;</seg>
                                ^
warning: failed to load external entity "appendices/init-functions.script"
appendices/scripts.xml:75: parser error : Failure to process entity initfunctions
    <screen>&initfunctions;</screen> 
                           ^
appendices/scripts.xml:75: parser error : Entity 'initfunctions' not defined
    <screen>&initfunctions;</screen> 
                           ^
index.xml:45: element include: XInclude error : could not load appendices/scripts.xml, and no fallback was found
index.xml:39: element part: validity error : Element part content does not follow the DTD, expecting (beginpage? , partinfo? , (title , subtitle? , titleabbrev?) , partintro? , (appendix | chapter | toc | lot | index | glossary | bibliography | article | preface | refentry | reference)+), got (title appendix appendix appendix xi:include appendix appendix )
index.xml:45: element include: validity error : No declaration for element include
index.xml:45: element include: validity error : No declaration for attribute href of element include
index.xml:45: element include: validity error : No declaration for attribute xmlns:xi of element include
Document index.xml does not validate
make: *** [validxml] エラー 3
